ModLoad: 5cb70000 5cb96000   C:\WINDOWS\system32\ShimEng.dll
ModLoad: 71590000 71609000   C:\WINDOWS\AppPatch\AcLayers.DLL
ModLoad: 769c0000 76a74000   C:\WINDOWS\system32\USERENV.dll
ModLoad: 73000000 73026000   C:\WINDOWS\system32\WINSPOOL.DRV
ModLoad: 76390000 763ad000   C:\WINDOWS\system32\IMM32.DLL
ModLoad: 773d0000 774d3000   C:\WINDOWS\WinSxS\x86_Microsoft.Windows.Common-Controls_6595b64144ccf1df_6.0.2600.6028_x-ww_61e65202\comctl32.dll
ModLoad: 5d090000 5d12a000   C:\WINDOWS\system32\comctl32.dll
ModLoad: 3e1c0000 3ec57000   C:\WINDOWS\system32\IEFRAME.dll
ModLoad: 763b0000 763f9000   C:\WINDOWS\system32\comdlg32.dll
ModLoad: 451f0000 451f6000   c:\Program Files\Internet Explorer\xpshims.dll
ModLoad: 5ad70000 5ada8000   C:\WINDOWS\system32\uxtheme.dll
ModLoad: 74720000 7476c000   C:\WINDOWS\system32\MSCTF.dll
ModLoad: 6cd00000 6cd24000   C:\Program Files\Internet Explorer\sqmapi.dll
ModLoad: 77920000 77a13000   C:\WINDOWS\system32\SETUPAPI.dll
ModLoad: 03480000 03745000   C:\WINDOWS\system32\xpsp2res.dll
ModLoad: 76fd0000 7704f000   C:\WINDOWS\system32\CLBCATQ.DLL
ModLoad: 77050000 77115000   C:\WINDOWS\system32\COMRes.dll
ModLoad: 77c00000 77c08000   C:\WINDOWS\system32\VERSION.dll
ModLoad: 439b0000 439f0000   C:\Program Files\Internet Explorer\ieproxy.dll
ModLoad: 3d930000 3da17000   C:\WINDOWS\system32\WININET.dll
ModLoad: 03b80000 03b89000   C:\WINDOWS\system32\Normaliz.dll
ModLoad: 71ab0000 71ac7000   C:\WINDOWS\system32\ws2_32.dll
ModLoad: 71aa0000 71aa8000   C:\WINDOWS\system32\WS2HELP.dll
ModLoad: 77b40000 77b62000   C:\WINDOWS\system32\appHelp.dll
ModLoad: 76ee0000 76f1c000   C:\WINDOWS\system32\RASAPI32.dll
ModLoad: 76e90000 76ea2000   C:\WINDOWS\system32\rasman.dll
ModLoad: 5b860000 5b8b5000   C:\WINDOWS\system32\NETAPI32.dll
ModLoad: 76eb0000 76edf000   C:\WINDOWS\system32\TAPI32.dll
ModLoad: 76e80000 76e8e000   C:\WINDOWS\system32\rtutils.dll
ModLoad: 76b40000 76b6d000   C:\WINDOWS\system32\WINMM.dll
ModLoad: 71e50000 71e65000   C:\WINDOWS\system32\msapsspc.dll
ModLoad: 78080000 78091000   C:\WINDOWS\system32\MSVCRT40.dll
ModLoad: 767f0000 76819000   C:\WINDOWS\system32\schannel.dll
ModLoad: 77a80000 77b17000   C:\WINDOWS\system32\CRYPT32.dll
ModLoad: 77b20000 77b32000   C:\WINDOWS\system32\MSASN1.dll
ModLoad: 75b00000 75b15000   C:\WINDOWS\system32\digest.dll
ModLoad: 747b0000 747f7000   C:\WINDOWS\system32\msnsspc.dll
ModLoad: 78080000 78091000   C:\WINDOWS\system32\MSVCRT40.dll
ModLoad: 77c70000 77c95000   C:\WINDOWS\system32\msv1_0.dll
ModLoad: 76790000 7679c000   C:\WINDOWS\system32\cryptdll.dll
ModLoad: 76d60000 76d79000   C:\WINDOWS\system32\iphlpapi.dll
ModLoad: 722b0000 722b5000   C:\WINDOWS\system32\sensapi.dll
ModLoad: 71a50000 71a8f000   C:\WINDOWS\system32\mswsock.dll
ModLoad: 662b0000 66308000   C:\WINDOWS\system32\hnetcfg.dll
ModLoad: 71a90000 71a98000   C:\WINDOWS\System32\wshtcpip.dll
ModLoad: 75cf0000 75d81000   C:\WINDOWS\system32\MLANG.dll
ModLoad: 755c0000 755ee000   C:\WINDOWS\system32\msctfime.ime
ModLoad: 76fc0000 76fc6000   C:\WINDOWS\system32\rasadhlp.dll
ModLoad: 7e720000 7e7d0000   C:\WINDOWS\system32\SXS.DLL
ModLoad: 7e720000 7e7d0000   C:\WINDOWS\system32\SXS.DLL
ModLoad: 71d40000 71d5b000   C:\WINDOWS\system32\actxprxy.dll
ModLoad: 71d40000 71d5b000   C:\WINDOWS\system32\actxprxy.dll
ModLoad: 75cf0000 75d81000   C:\WINDOWS\system32\MLANG.dll
ModLoad: 74d90000 74dfb000   C:\WINDOWS\system32\USP10.dll
ModLoad: 3c510000 3cace000   C:\WINDOWS\system32\mshtml.dll
ModLoad: 06670000 06699000   C:\WINDOWS\system32\msls31.dll
ModLoad: 76bf0000 76bfb000   C:\WINDOWS\system32\PSAPI.DLL
ModLoad: 72ea0000 72f0f000   C:\WINDOWS\system32\ieapfltr.dll
ModLoad: 76f20000 76f47000   C:\WINDOWS\system32\DNSAPI.dll
ModLoad: 77a80000 77b17000   C:\WINDOWS\system32\CRYPT32.dll
ModLoad: 77b20000 77b32000   C:\WINDOWS\system32\MSASN1.dll
ModLoad: 746f0000 7471a000   C:\WINDOWS\system32\msimtf.dll
ModLoad: 3d7a0000 3d854000   C:\WINDOWS\system32\jscript.dll
ModLoad: 74d90000 74dfb000   C:\WINDOWS\system32\USP10.dll
ModLoad: 35c50000 35c89000   C:\WINDOWS\system32\Dxtrans.dll
ModLoad: 76b20000 76b31000   C:\WINDOWS\system32\ATL.DLL
ModLoad: 6d430000 6d43a000   C:\WINDOWS\system32\ddrawex.dll
ModLoad: 73760000 737ab000   C:\WINDOWS\system32\DDRAW.dll
ModLoad: 73bc0000 73bc6000   C:\WINDOWS\system32\DCIMAN32.dll
ModLoad: 42010000 42067000   C:\WINDOWS\system32\Dxtmsft.dll
(688.7bc): Access violation - code c0000005 (first chance)
First chance exceptions are reported before any exception handling.
This exception may be expected and handled.
eax=066b0fb0 ebx=033695dc ecx=7c91005d edx=00155000 esi=066b0fd8 edi=00000000
eip=3c5eacc7 esp=033695a0 ebp=033695b8 iopl=0         nv up ei pl zr na pe nc
cs=001b  ss=0023  ds=0023  es=0023  fs=003b  gs=0000             efl=00010246
mshtml!CTreeNode::NextBranch+0x6:
3c5eacc7 f60640          test    byte ptr [esi],40h         ds:0023:066b0fd8=??
1:025> ChildEBP RetAddr  Args to Child              
033695a0 3c6c6077 000001f4 066a8fd8 00000000 mshtml!CTreeNode::NextBranch+0x6 (FPO: [0,0,0])
033695b8 3c83f1ac 066aaf28 00000000 064c8a90 mshtml!CDisplayRequest::SendForElement+0xa6
0336960c 3c836f6c 00000320 06842fb4 06842fa0 mshtml!CElement::ScrollBy+0x3f
03369634 3c827af8 066aeec4 00000008 00000005 mshtml!CWindow::scrollBy+0x99
03369654 3c870821 06842fb4 00000008 00000005 mshtml!COmWindowProxy::scrollBy+0x2f
03369688 3c5f8673 06842fa0 082a4fd0 06842fb4 mshtml!Method_void_long_long+0xd1
033696fc 3c5f8b12 06842fa0 0000048f 00000002 mshtml!CBase::ContextInvokeEx+0x5c0
03369728 3c5f8aa3 06842fa0 0000048f 00000002 mshtml!CBase::InvokeEx+0x25
03369798 3c5f8942 06842fa0 0000048f 00000002 mshtml!COmWindowProxy::InvokeEx+0x2c7
033697c0 3c5f80b9 06842fa0 0000048f 00000002 mshtml!COmWindowProxy::subInvokeEx+0x26
033697e8 3c5f8075 06842fa0 0000048f 00000002 mshtml!CBase::VersionedInvokeEx+0x20
03369838 3d7c3a9a 06cd0fd8 0000048f 00000002 mshtml!PlainInvokeEx+0xea
03369878 3d7c39e6 029bfd10 0000048f 00000409 jscript!IDispatchExInvokeEx2+0xf8
033698b4 3d7c4f26 029bfd10 00000409 00000001 jscript!IDispatchExInvokeEx+0x6a
03369974 3d7c4e80 0000048f 00000001 00000000 jscript!InvokeDispatchEx+0x98
033699a8 3d7c2d6d 029bfd10 033699dc 00000001 jscript!VAR::InvokeByName+0x135
033699f4 3d7c4235 029bfd10 00000001 00000000 jscript!VAR::InvokeDispName+0x7a
03369a24 3d7c4f93 029bfd10 00000000 00000001 jscript!VAR::InvokeByDispID+0xce
03369bc0 3d7c13ab 03369bd8 00000000 00000000 jscript!CScriptRuntime::Run+0x2abe
03369ca8 3d7c12e5 00000000 00000000 0758ddd0 jscript!ScrFncObj::CallWithFrameOnStack+0xff
mshtml!CTreeNode::NextBranch+0x6:
3c5eacc7 f60640          test    byte ptr [esi],40h
3c5eacca 0f841ddc0200    je      mshtml!CTreeNode::NextBranch+0xf (3c6188ed)
3c5eacd0 e9bdf01700      jmp     mshtml!CTreeNode::NextBranch+0xb (3c769d92)
3c5eacd5 90              nop
3c5eacd6 90              nop
3c5eacd7 90              nop
mshtml!CTreeSaver::`vftable':
3c5eacd8 06              push    es
3c5eacd9 9d              popfd
start    end        module name
3c510000 3cace000   mshtml     (pdb symbols)          c:\symbols\mshtml.pdb\463F840E8941434C82165A4362D792A12\mshtml.pdb
    Loaded symbol image file: C:\WINDOWS\system32\mshtml.dll
    Image path: C:\WINDOWS\system32\mshtml.dll
    Image name: mshtml.dll
    Timestamp:        Fri Mar 27 13:18:43 2015 (5515BB23)
    CheckSum:         005C1642
    ImageSize:        005BE000
    File version:     8.0.6001.23671
    Product version:  8.0.6001.23671
    File flags:       0 (Mask 3F)
    File OS:          40004 NT Win32
    File type:        2.0 Dll
    File date:        00000000.00000000
    Translations:     0409.04b0
    CompanyName:      Microsoft Corporation
    ProductName:      Windows® Internet Explorer
    InternalName:     MSHTML
    OriginalFilename: MSHTML.DLL
    ProductVersion:   8.00.6001.23671
    FileVersion:      8.00.6001.23671 (longhorn_ie8_ldr_escrow.150326-1420)
    FileDescription:  Microsoft (R) HTML Viewer
    LegalCopyright:   © Microsoft Corporation. All rights reserved.
Missing image name, possible paged-out or corrupt data.
Missing image name, possible paged-out or corrupt data.
1:025> 