ModLoad: 75f20000 75f3f000   C:\Windows\system32\IMM32.DLL
ModLoad: 76090000 7615c000   C:\Windows\system32\MSCTF.dll
ModLoad: 75930000 7593c000   C:\Windows\system32\CRYPTBASE.DLL
ModLoad: 74bf0000 74bf4000   C:\Windows\system32\api-ms-win-downlevel-shell32-l1-1-0.dll
ModLoad: 76540000 7718b000   C:\Windows\system32\shell32.DLL
ModLoad: 6e8f0000 6f530000   C:\Windows\system32\IEFRAME.dll
ModLoad: 75dc0000 75f1c000   C:\Windows\system32\ole32.dll
ModLoad: 772b0000 7733f000   C:\Windows\system32\OLEAUT32.dll
ModLoad: 74980000 74b1e000   C:\Windows\WinSxS\x86_microsoft.windows.common-controls_6595b64144ccf1df_6.0.7601.17514_none_41e6975e2bd6f2b2\comctl32.dll
ModLoad: 74ba0000 74beb000   c:\Program Files\Internet Explorer\IEShims.dll
ModLoad: 774e0000 7755b000   C:\Windows\system32\comdlg32.dll
ModLoad: 75b90000 75b94000   C:\Windows\system32\api-ms-win-downlevel-ole32-l1-1-0.dll
ModLoad: 74800000 74840000   C:\Windows\system32\uxtheme.dll
ModLoad: 76200000 763d5000   C:\Windows\system32\WININET.dll
ModLoad: 75c60000 75c77000   C:\Windows\system32\USERENV.dll
ModLoad: 75a40000 75a4b000   C:\Windows\system32\profapi.dll
ModLoad: 758a0000 758a8000   C:\Windows\system32\Secur32.dll
ModLoad: 758c0000 758db000   C:\Windows\system32\SSPICLI.DLL
ModLoad: 74c70000 74c74000   C:\Windows\system32\api-ms-win-downlevel-advapi32-l2-1-0.dll
ModLoad: 763e0000 7652b000   C:\Windows\system32\urlmon.dll
ModLoad: 75d70000 75da5000   C:\Windows\system32\WS2_32.dll
ModLoad: 77c30000 77c36000   C:\Windows\system32\NSI.dll
ModLoad: 70ed0000 70f28000   C:\Windows\system32\winhttp.dll
ModLoad: 70e80000 70ecf000   C:\Windows\system32\webio.dll
ModLoad: 75410000 7544c000   C:\Windows\system32\mswsock.dll
ModLoad: 75400000 75406000   C:\Windows\System32\wship6.dll
ModLoad: 73ae0000 73afc000   C:\Windows\system32\IPHLPAPI.DLL
ModLoad: 73ad0000 73ad7000   C:\Windows\system32\WINNSI.DLL
ModLoad: 75450000 75467000   C:\Windows\system32\CRYPTSP.dll
ModLoad: 751f0000 7522b000   C:\Windows\system32\rsaenh.dll
ModLoad: 759d0000 759de000   C:\Windows\system32\RpcRtRemote.dll
ModLoad: 75ff0000 76073000   C:\Windows\system32\CLBCatQ.DLL
ModLoad: 74600000 74649000   C:\Program Files\Internet Explorer\ieproxy.dll
ModLoad: 74c90000 74c94000   C:\Windows\system32\api-ms-win-downlevel-shlwapi-l2-1-0.dll
ModLoad: 744d0000 744e3000   C:\Windows\system32\dwmapi.dll
ModLoad: 75580000 75597000   C:\Windows\system32\bcrypt.dll
ModLoad: 75130000 7516d000   C:\Windows\system32\bcryptprimitives.dll
(f84.fd8): Unknown exception - code 00000005 (first chance)
(f84.fd8): Unknown exception - code 00000005 (first chance)
ModLoad: 6d610000 6e8e2000   C:\Windows\system32\MSHTML.dll
ModLoad: 72d20000 73067000   C:\Windows\system32\d2d1.dll
ModLoad: 73850000 73985000   C:\Windows\system32\DWrite.dll
ModLoad: 720d0000 7211c000   C:\Windows\system32\dxgi.dll
ModLoad: 775b0000 7774d000   C:\Windows\system32\setupapi.dll
ModLoad: 75d00000 75d27000   C:\Windows\system32\CFGMGR32.dll
ModLoad: 75cd0000 75ce2000   C:\Windows\system32\DEVOBJ.dll
ModLoad: 758e0000 7592c000   C:\Windows\system32\apphelp.dll
ModLoad: 74070000 7409e000   C:\Windows\system32\MLANG.dll
ModLoad: 74840000 74935000   C:\Windows\system32\PROPSYS.dll
ModLoad: 75c30000 75c5f000   C:\Windows\system32\WINTRUST.dll
ModLoad: 75a60000 75b81000   C:\Windows\system32\CRYPT32.dll
ModLoad: 75a50000 75a5c000   C:\Windows\system32\MSASN1.dll
ModLoad: 775b0000 7774d000   C:\Windows\system32\setupapi.dll
ModLoad: 75d00000 75d27000   C:\Windows\system32\CFGMGR32.dll
ModLoad: 75cd0000 75ce2000   C:\Windows\system32\DEVOBJ.dll
ModLoad: 752d0000 75314000   C:\Windows\system32\DNSAPI.dll
ModLoad: 73990000 7399d000   C:\Windows\system32\dhcpcsvc6.DLL
ModLoad: 74f80000 74f85000   C:\Windows\System32\wshtcpip.dll
ModLoad: 752d0000 75314000   C:\Windows\system32\DNSAPI.dll
ModLoad: 72610000 72622000   C:\Windows\system32\dhcpcsvc.DLL
ModLoad: 704e0000 704e6000   C:\Windows\system32\rasadhlp.dll
ModLoad: 74f80000 74f85000   C:\Windows\System32\wshtcpip.dll
ModLoad: 739c0000 739f8000   C:\Windows\System32\fwpuclnt.dll
ModLoad: 704e0000 704e6000   C:\Windows\system32\rasadhlp.dll
ModLoad: 742c0000 74339000   C:\Windows\system32\IEUI.dll
ModLoad: 74070000 7409e000   C:\Windows\system32\MLANG.dll
ModLoad: 74840000 74935000   C:\Windows\system32\PROPSYS.dll
ModLoad: 72430000 72451000   C:\Windows\system32\ntmarta.dll
ModLoad: 77c40000 77c85000   C:\Windows\system32\WLDAP32.dll
ModLoad: 775b0000 7774d000   C:\Windows\system32\SETUPAPI.dll
ModLoad: 75d00000 75d27000   C:\Windows\system32\CFGMGR32.dll
ModLoad: 75cd0000 75ce2000   C:\Windows\system32\DEVOBJ.dll
ModLoad: 73560000 7358f000   C:\Windows\System32\shdocvw.dll
ModLoad: 734a0000 73552000   C:\Windows\System32\ieapfltr.dll
ModLoad: 74b20000 74b2b000   C:\Windows\system32\msimtf.dll
ModLoad: 745c0000 745fc000   C:\Windows\system32\OLEACC.DLL
ModLoad: 75940000 7599f000   C:\Windows\system32\SXS.DLL
ModLoad: 6fd40000 70164000   C:\Windows\System32\jscript9.dll
(f84.8d8): Unknown exception - code 00000005 (first chance)
(f84.8d8): Unknown exception - code 00000005 (first chance)
ModLoad: 730d0000 73101000   C:\Windows\system32\msls31.dll
ModLoad: 775b0000 7774d000   C:\Windows\system32\setupapi.dll
ModLoad: 75d00000 75d27000   C:\Windows\system32\CFGMGR32.dll
ModLoad: 75cd0000 75ce2000   C:\Windows\system32\DEVOBJ.dll
ModLoad: 775b0000 7774d000   C:\Windows\system32\setupapi.dll
ModLoad: 75d00000 75d27000   C:\Windows\system32\CFGMGR32.dll
ModLoad: 75cd0000 75ce2000   C:\Windows\system32\DEVOBJ.dll
ModLoad: 775b0000 7774d000   C:\Windows\system32\setupapi.dll
ModLoad: 75d00000 75d27000   C:\Windows\system32\CFGMGR32.dll
ModLoad: 75cd0000 75ce2000   C:\Windows\system32\DEVOBJ.dll
ModLoad: 775b0000 7774d000   C:\Windows\system32\setupapi.dll
ModLoad: 75d00000 75d27000   C:\Windows\system32\CFGMGR32.dll
ModLoad: 75cd0000 75ce2000   C:\Windows\system32\DEVOBJ.dll
ModLoad: 71f50000 720c5000   C:\Windows\system32\d3d11.dll
ModLoad: 6fb50000 6fd39000   C:\Windows\system32\D3D10Warp.dll
ModLoad: 775b0000 7774d000   C:\Windows\system32\setupapi.dll
ModLoad: 75d00000 75d27000   C:\Windows\system32\CFGMGR32.dll
ModLoad: 75cd0000 75ce2000   C:\Windows\system32\DEVOBJ.dll
ModLoad: 775b0000 7774d000   C:\Windows\system32\setupapi.dll
ModLoad: 75d00000 75d27000   C:\Windows\system32\CFGMGR32.dll
ModLoad: 75cd0000 75ce2000   C:\Windows\system32\DEVOBJ.dll
ModLoad: 775b0000 7774d000   C:\Windows\system32\SETUPAPI.dll
ModLoad: 75d00000 75d27000   C:\Windows\system32\CFGMGR32.dll
ModLoad: 75cd0000 75ce2000   C:\Windows\system32\DEVOBJ.dll
ModLoad: 72430000 72451000   C:\Windows\system32\ntmarta.dll
ModLoad: 77c40000 77c85000   C:\Windows\system32\WLDAP32.dll
(f84.8d8): C++ EH exception - code e06d7363 (first chance)
(f84.8d8): C++ EH exception - code e06d7363 (first chance)
(f84.8d8): C++ EH exception - code e06d7363 (first chance)
(f84.8d8): Unknown exception - code 00000005 (first chance)
(f84.8d8): Unknown exception - code 00000005 (first chance)
(f84.8d8): Unknown exception - code 00000005 (first chance)
(f84.8d8): Unknown exception - code 00000005 (first chance)
(f84.8d8): Access violation - code c0000005 (first chance)
First chance exceptions are reported before any exception handling.
This exception may be expected and handled.
eax=00000001 ebx=07cbaee8 ecx=c35f8906 edx=00000000 esi=04b5a658 edi=07eb08f8
eip=6dd9663e esp=04b58be8 ebp=04b59024 iopl=0         nv up ei pl nz na po nc
cs=001b  ss=0023  ds=0023  es=0023  fs=003b  gs=0000             efl=00010202
MSHTML!CFlowLayout::CalcSizeCoreCompat+0x47d:
6dd9663e 8a874d010000    mov     al,byte ptr [edi+14Dh]     ds:0023:07eb0a45=??
1:019> ChildEBP RetAddr  Args to Child              
04b59024 6dc6e370 04b5a658 04b59544 00000000 MSHTML!CFlowLayout::CalcSizeCoreCompat+0x47d (FPO: [Non-Fpo])
04b5903c 6dc94464 04b5a658 04b59544 00000000 MSHTML!CFlowLayout::CalcSizeCore+0x44 (FPO: [3,0,0])
04b59274 6dc8b91b 04b5a658 04b59544 00000000 MSHTML!CTableCellLayout::CalcSizeCoreCompat+0x22d (FPO: [Non-Fpo])
04b5928c 6dc6e2f4 04b5a658 04b59544 00000000 MSHTML!CTableCellLayout::CalcSizeCore+0x37 (FPO: [3,0,0])
04b592c4 6dc8d032 04b5a658 04b59544 00000000 MSHTML!CFlowLayout::CalcSizeVirtual+0x84 (FPO: [Non-Fpo])
04b5930c 6da76cbc 04b5a658 04b59544 00000000 MSHTML!CTableCellLayout::CalcSizeVirtual+0x22 (FPO: [Non-Fpo])
04b5943c 6dc6db1d 04b5a658 04b59544 00000000 MSHTML!CLayout::CalcSize+0x2db (FPO: [Non-Fpo])
04b59518 6dc6fbd1 07cbaee8 04b5a658 000121d8 MSHTML!CFlowLayout::MeasureSite+0x3e0 (FPO: [Non-Fpo])
04b59568 6dc7a6d7 07cbaee8 04b5a658 00000001 MSHTML!CFlowLayout::GetSiteWidth+0xf0 (FPO: [Non-Fpo])
04b595a4 6dc72ed2 04eb7fa0 07cbaee8 04b5a658 MSHTML!CLSMeasurer::GetSiteWidth+0x59 (FPO: [Non-Fpo])
*** ERROR: Symbol file could not be found.  Defaulted to export symbols for C:\Windows\system32\msls31.dll - 
04b5963c 730d46f3 08304ff8 04b59690 04b5974c MSHTML!CEmbeddedILSObj::Fmt+0x1f9 (FPO: [Non-Fpo])
WARNING: Stack unwind information not available. Following frames may be wrong.
04b596e8 730d4c86 04b59728 00000000 00000000 msls31!LsdnFinishRegular+0xbfc
04b59764 730d486a 00000000 00000000 04b59860 msls31!LsdnFinishRegular+0x118f
04b59858 730d3cf5 00000000 00000014 04b59a40 msls31!LsdnFinishRegular+0xd73
04b5994c 730d1fd9 00002b7b 00000000 00000000 msls31!LsdnFinishRegular+0x1fe
04b59988 6dc6ea6c 07ce2990 00000023 00002b7b msls31!LsCreateLine+0xc5
04b59aec 6dc71a72 00000023 04eb7fac 0b9b0f48 MSHTML!CLSMeasurer::LSDoCreateLine+0x1bc (FPO: [Non-Fpo])
04b59ba4 6dc6ff98 0b9b0f48 000121d8 00000000 MSHTML!CLSMeasurer::LSMeasure+0x4a (FPO: [Non-Fpo])
04b59bdc 6dc7229c 000129a8 00000000 00000083 MSHTML!CLSMeasurer::Measure+0x126 (FPO: [Non-Fpo])
04b59ca4 6dc7055e 04b59da4 00000083 04b59d74 MSHTML!CRecalcLinePtr::MeasureLine+0x246 (FPO: [Non-Fpo])
MSHTML!CFlowLayout::CalcSizeCoreCompat+0x47d:
6dd9663e 8a874d010000    mov     al,byte ptr [edi+14Dh]
6dd96644 8ac8            mov     cl,al
6dd96646 84d2            test    dl,dl
6dd96648 7503            jne     MSHTML!CFlowLayout::CalcSizeCoreCompat+0x48c (6dd9664d)
6dd9664a c0e903          shr     cl,3
6dd9664d 80e107          and     cl,7
6dd96650 0fb6f9          movzx   edi,cl
6dd96653 84d2            test    dl,dl
start    end        module name
6d610000 6e8e2000   MSHTML     (private pdb symbols)  c:\symbols\mshtml.pdb\7D830BF00DBB4B29A6F552AC8D1286102\mshtml.pdb
    Loaded symbol image file: C:\Windows\system32\MSHTML.dll
    Image path: C:\Windows\system32\MSHTML.dll
    Image name: MSHTML.dll
    Timestamp:        Thu Mar 12 20:40:55 2015 (55025C47)
    CheckSum:         012C9B79
    ImageSize:        012D2000
    File version:     11.0.9600.17728
    Product version:  11.0.9600.17728
    File flags:       0 (Mask 3F)
    File OS:          40004 NT Win32
    File type:        2.0 Dll
    File date:        00000000.00000000
    Translations:     0409.04b0
    CompanyName:      Microsoft Corporation
    ProductName:      Internet Explorer
    InternalName:     MSHTML
    OriginalFilename: MSHTML.DLL
    ProductVersion:   11.00.9600.17728
    FileVersion:      11.00.9600.17728 (winblue_r9.150312-1720)
    FileDescription:  Microsoft (R) HTML Viewer
    LegalCopyright:   ? Microsoft Corporation. All rights reserved.
1:019> 