ModLoad: 77ea0000 77ebf000   C:\Windows\system32\IMM32.DLL
ModLoad: 772f0000 773bc000   C:\Windows\system32\MSCTF.dll
ModLoad: 75c40000 75c4c000   C:\Windows\system32\CRYPTBASE.DLL
ModLoad: 70fb0000 70fb4000   C:\Windows\system32\api-ms-win-downlevel-shell32-l1-1-0.dll
ModLoad: 763e0000 7702b000   C:\Windows\system32\shell32.DLL
ModLoad: 6e8c0000 6f500000   C:\Windows\system32\IEFRAME.dll
ModLoad: 76260000 763bc000   C:\Windows\system32\ole32.dll
ModLoad: 77800000 7788f000   C:\Windows\system32\OLEAUT32.dll
ModLoad: 74c90000 74e2e000   C:\Windows\WinSxS\x86_microsoft.windows.common-controls_6595b64144ccf1df_6.0.7601.17514_none_41e6975e2bd6f2b2\comctl32.dll
ModLoad: 724e0000 7252b000   c:\Program Files\Internet Explorer\IEShims.dll
ModLoad: 77ec0000 77f3b000   C:\Windows\system32\comdlg32.dll
ModLoad: 75da0000 75da4000   C:\Windows\system32\api-ms-win-downlevel-ole32-l1-1-0.dll
ModLoad: 74b10000 74b50000   C:\Windows\system32\uxtheme.dll
ModLoad: 76080000 76255000   C:\Windows\system32\WININET.dll
ModLoad: 75e60000 75e77000   C:\Windows\system32\USERENV.dll
ModLoad: 75d60000 75d6b000   C:\Windows\system32\profapi.dll
ModLoad: 75b80000 75b88000   C:\Windows\system32\Secur32.dll
ModLoad: 75bb0000 75bcb000   C:\Windows\system32\SSPICLI.DLL
ModLoad: 70230000 70234000   C:\Windows\system32\api-ms-win-downlevel-advapi32-l2-1-0.dll
ModLoad: 77190000 772db000   C:\Windows\system32\urlmon.dll
ModLoad: 773c0000 773f5000   C:\Windows\system32\WS2_32.dll
ModLoad: 763c0000 763c6000   C:\Windows\system32\NSI.dll
ModLoad: 72e90000 72ee8000   C:\Windows\system32\winhttp.dll
ModLoad: 72e40000 72e8f000   C:\Windows\system32\webio.dll
ModLoad: 75720000 7575c000   C:\Windows\system32\mswsock.dll
ModLoad: 75710000 75716000   C:\Windows\System32\wship6.dll
ModLoad: 73780000 7379c000   C:\Windows\system32\IPHLPAPI.DLL
ModLoad: 73770000 73777000   C:\Windows\system32\WINNSI.DLL
ModLoad: 75760000 75777000   C:\Windows\system32\CRYPTSP.dll
ModLoad: 75500000 7553b000   C:\Windows\system32\rsaenh.dll
ModLoad: 75ce0000 75cee000   C:\Windows\system32\RpcRtRemote.dll
ModLoad: 77400000 77483000   C:\Windows\system32\CLBCatQ.DLL
ModLoad: 70600000 70649000   C:\Program Files\Internet Explorer\ieproxy.dll
ModLoad: 721d0000 721d4000   C:\Windows\system32\api-ms-win-downlevel-shlwapi-l2-1-0.dll
ModLoad: 747e0000 747f3000   C:\Windows\system32\dwmapi.dll
ModLoad: 75870000 75887000   C:\Windows\system32\bcrypt.dll
ModLoad: 75440000 7547d000   C:\Windows\system32\bcryptprimitives.dll
ModLoad: 6a470000 6b742000   C:\Windows\system32\MSHTML.dll
ModLoad: 6ccc0000 6d007000   C:\Windows\system32\d2d1.dll
ModLoad: 6cb80000 6ccb5000   C:\Windows\system32\DWrite.dll
ModLoad: 72090000 720dc000   C:\Windows\system32\dxgi.dll
ModLoad: 77970000 77b0d000   C:\Windows\system32\setupapi.dll
ModLoad: 76050000 76077000   C:\Windows\system32\CFGMGR32.dll
ModLoad: 75f00000 75f12000   C:\Windows\system32\DEVOBJ.dll
ModLoad: 75bf0000 75c3c000   C:\Windows\system32\apphelp.dll
ModLoad: 73ad0000 73afe000   C:\Windows\system32\MLANG.dll
ModLoad: 74b50000 74c45000   C:\Windows\system32\PROPSYS.dll
ModLoad: 75d70000 75d9f000   C:\Windows\system32\WINTRUST.dll
ModLoad: 75f20000 76041000   C:\Windows\system32\CRYPT32.dll
ModLoad: 75d50000 75d5c000   C:\Windows\system32\MSASN1.dll
ModLoad: 77970000 77b0d000   C:\Windows\system32\setupapi.dll
ModLoad: 76050000 76077000   C:\Windows\system32\CFGMGR32.dll
ModLoad: 75f00000 75f12000   C:\Windows\system32\DEVOBJ.dll
ModLoad: 755e0000 75624000   C:\Windows\system32\DNSAPI.dll
ModLoad: 73640000 7364d000   C:\Windows\system32\dhcpcsvc6.DLL
ModLoad: 75290000 75295000   C:\Windows\System32\wshtcpip.dll
ModLoad: 755e0000 75624000   C:\Windows\system32\DNSAPI.dll
ModLoad: 73620000 73632000   C:\Windows\system32\dhcpcsvc.DLL
ModLoad: 72730000 72736000   C:\Windows\system32\rasadhlp.dll
ModLoad: 75290000 75295000   C:\Windows\System32\wshtcpip.dll
ModLoad: 73660000 73698000   C:\Windows\System32\fwpuclnt.dll
ModLoad: 720e0000 72159000   C:\Windows\system32\IEUI.dll
ModLoad: 75c50000 75caf000   C:\Windows\system32\SXS.DLL
ModLoad: 72730000 72736000   C:\Windows\system32\rasadhlp.dll
ModLoad: 71610000 716c2000   C:\Windows\System32\ieapfltr.dll
ModLoad: 73b60000 73b6b000   C:\Windows\system32\msimtf.dll
ModLoad: 6c750000 6cb74000   C:\Windows\System32\jscript9.dll
ModLoad: 73ad0000 73afe000   C:\Windows\system32\MLANG.dll
ModLoad: 74b50000 74c45000   C:\Windows\system32\PROPSYS.dll
ModLoad: 77970000 77b0d000   C:\Windows\system32\setupapi.dll
ModLoad: 76050000 76077000   C:\Windows\system32\CFGMGR32.dll
ModLoad: 75f00000 75f12000   C:\Windows\system32\DEVOBJ.dll
ModLoad: 73400000 73421000   C:\Windows\system32\ntmarta.dll
ModLoad: 775c0000 77605000   C:\Windows\system32\WLDAP32.dll
ModLoad: 77970000 77b0d000   C:\Windows\system32\SETUPAPI.dll
ModLoad: 76050000 76077000   C:\Windows\system32\CFGMGR32.dll
ModLoad: 75f00000 75f12000   C:\Windows\system32\DEVOBJ.dll
ModLoad: 77970000 77b0d000   C:\Windows\system32\setupapi.dll
ModLoad: 76050000 76077000   C:\Windows\system32\CFGMGR32.dll
ModLoad: 75f00000 75f12000   C:\Windows\system32\DEVOBJ.dll
ModLoad: 77970000 77b0d000   C:\Windows\system32\setupapi.dll
ModLoad: 76050000 76077000   C:\Windows\system32\CFGMGR32.dll
ModLoad: 75f00000 75f12000   C:\Windows\system32\DEVOBJ.dll
ModLoad: 77970000 77b0d000   C:\Windows\system32\setupapi.dll
ModLoad: 76050000 76077000   C:\Windows\system32\CFGMGR32.dll
ModLoad: 75f00000 75f12000   C:\Windows\system32\DEVOBJ.dll
ModLoad: 6feb0000 70025000   C:\Windows\system32\d3d11.dll
ModLoad: 6c560000 6c749000   C:\Windows\system32\D3D10Warp.dll
ModLoad: 77970000 77b0d000   C:\Windows\system32\setupapi.dll
ModLoad: 76050000 76077000   C:\Windows\system32\CFGMGR32.dll
ModLoad: 75f00000 75f12000   C:\Windows\system32\DEVOBJ.dll
ModLoad: 77970000 77b0d000   C:\Windows\system32\setupapi.dll
ModLoad: 76050000 76077000   C:\Windows\system32\CFGMGR32.dll
ModLoad: 75f00000 75f12000   C:\Windows\system32\DEVOBJ.dll
ModLoad: 73400000 73421000   C:\Windows\system32\ntmarta.dll
ModLoad: 775c0000 77605000   C:\Windows\system32\WLDAP32.dll
ModLoad: 77970000 77b0d000   C:\Windows\system32\SETUPAPI.dll
ModLoad: 76050000 76077000   C:\Windows\system32\CFGMGR32.dll
ModLoad: 75f00000 75f12000   C:\Windows\system32\DEVOBJ.dll
(ed0.ba0): C++ EH exception - code e06d7363 (first chance)
(ed0.ba0): C++ EH exception - code e06d7363 (first chance)
(ed0.ba0): C++ EH exception - code e06d7363 (first chance)
(ed0.ba0): C++ EH exception - code e06d7363 (first chance)
(ed0.ba0): C++ EH exception - code e06d7363 (first chance)
(ed0.ba0): C++ EH exception - code e06d7363 (first chance)
(ed0.ba0): C++ EH exception - code e06d7363 (first chance)
(ed0.ba0): C++ EH exception - code e06d7363 (first chance)
(ed0.ba0): C++ EH exception - code e06d7363 (first chance)
(ed0.ba0): C++ EH exception - code e06d7363 (first chance)
(ed0.ba0): C++ EH exception - code e06d7363 (first chance)
(ed0.ba0): C++ EH exception - code e06d7363 (first chance)
(ed0.ba0): C++ EH exception - code e06d7363 (first chance)
(ed0.ba0): C++ EH exception - code e06d7363 (first chance)
(ed0.ba0): C++ EH exception - code e06d7363 (first chance)
(ed0.ba0): C++ EH exception - code e06d7363 (first chance)
(ed0.ba0): C++ EH exception - code e06d7363 (first chance)
(ed0.ba0): C++ EH exception - code e06d7363 (first chance)
(ed0.ba0): C++ EH exception - code e06d7363 (first chance)
(ed0.ba0): C++ EH exception - code e06d7363 (first chance)
(ed0.ba0): C++ EH exception - code e06d7363 (first chance)
(ed0.ba0): C++ EH exception - code e06d7363 (first chance)
(ed0.ba0): C++ EH exception - code e06d7363 (first chance)
ModLoad: 6dbe0000 6dc6c000   C:\Windows\system32\uiautomationcore.dll
ModLoad: 763d0000 763d5000   C:\Windows\system32\PSAPI.DLL
ModLoad: 745a0000 745dc000   C:\Windows\system32\OLEACC.dll
ModLoad: 725d0000 72727000   C:\Windows\System32\msxml6.dll
ModLoad: 75400000 75408000   C:\Windows\system32\credssp.dll
ModLoad: 75570000 755af000   C:\Windows\system32\schannel.DLL
ModLoad: 75890000 758c8000   C:\Windows\system32\ncrypt.dll
ModLoad: 75340000 75356000   C:\Windows\system32\GPAPI.dll
ModLoad: 73240000 7325c000   C:\Windows\system32\cryptnet.dll
ModLoad: 72160000 72166000   C:\Windows\system32\SensApi.dll
(ed0.a74): Unknown exception - code 0000071a (first chance)
ModLoad: 73660000 73698000   C:\Windows\System32\fwpuclnt.dll
(ed0.ba0): C++ EH exception - code e06d7363 (first chance)
(ed0.ba0): C++ EH exception - code e06d7363 (first chance)
(ed0.ba0): C++ EH exception - code e06d7363 (first chance)
(ed0.ba0): C++ EH exception - code e06d7363 (first chance)
(ed0.ba0): C++ EH exception - code e06d7363 (first chance)
(ed0.ba0): C++ EH exception - code e06d7363 (first chance)
(ed0.ba0): C++ EH exception - code e06d7363 (first chance)
(ed0.ba0): C++ EH exception - code e06d7363 (first chance)
(ed0.ba0): C++ EH exception - code e06d7363 (first chance)
(ed0.ba0): C++ EH exception - code e06d7363 (first chance)
(ed0.ba0): C++ EH exception - code e06d7363 (first chance)
(ed0.ba0): C++ EH exception - code e06d7363 (first chance)
(ed0.ba0): C++ EH exception - code e06d7363 (first chance)
(ed0.ba0): C++ EH exception - code e06d7363 (first chance)
(ed0.ba0): C++ EH exception - code e06d7363 (first chance)
ModLoad: 75340000 75356000   C:\Windows\system32\GPAPI.dll
ModLoad: 75890000 758c8000   C:\Windows\system32\ncrypt.dll
ModLoad: 75870000 75887000   C:\Windows\system32\bcrypt.dll
ModLoad: 75440000 7547d000   C:\Windows\system32\bcryptprimitives.dll
ModLoad: 73240000 7325c000   C:\Windows\system32\cryptnet.dll
ModLoad: 72160000 72166000   C:\Windows\system32\SensApi.dll
ModLoad: 75c50000 75caf000   C:\Windows\system32\SXS.DLL
(ed0.ba0): C++ EH exception - code e06d7363 (first chance)
(ed0.ba0): C++ EH exception - code e06d7363 (first chance)
(ed0.ba0): C++ EH exception - code e06d7363 (first chance)
(ed0.ba0): C++ EH exception - code e06d7363 (first chance)
(ed0.ba0): C++ EH exception - code e06d7363 (first chance)
(ed0.ba0): C++ EH exception - code e06d7363 (first chance)
(ed0.ba0): C++ EH exception - code e06d7363 (first chance)
(ed0.ba0): C++ EH exception - code e06d7363 (first chance)
(ed0.ba0): Access violation - code c0000005 (first chance)
First chance exceptions are reported before any exception handling.
This exception may be expected and handled.
eax=00000000 ebx=07122cc8 ecx=0ab26fc0 edx=0aa6be01 esi=04ecc854 edi=07646f98
eip=6a9561d8 esp=04ecc844 ebp=04ecc844 iopl=0         nv up ei pl zr na pe nc
cs=001b  ss=0023  ds=0023  es=0023  fs=003b  gs=0000             efl=00010246
MSHTML!CElement::Fire_onContentScrolled+0x8:
6a9561d8 f7412400000400  test    dword ptr [ecx+24h],40000h ds:0023:0ab26fe4=????????
1:018> ChildEBP RetAddr  Args to Child              
04ecc844 6a4fd865 0ab26fc0 00000000 07122cc8 MSHTML!CElement::Fire_onContentScrolled+0x8 (FPO: [2,0,0])
04ecc890 6a4fd18a 472d6ed6 04ecc95c 00008002 MSHTML!GlobalWndOnMethodCall+0x16d (FPO: [0,12,4])
04ecc8e0 7750c4e7 00d7015e 00008002 00000000 MSHTML!GlobalWndProc+0x2e5 (FPO: [SEH])
04ecc90c 7750c5e7 6a4fc290 00d7015e 00008002 user32!InternalCallWinProc+0x23
04ecc984 7750cc19 00000000 6a4fc290 00d7015e user32!UserCallWinProcCheckWow+0x14b (FPO: [SEH])
04ecc9e4 7750cc70 6a4fc290 00000000 04ecfbc4 user32!DispatchMessageWorker+0x35e (FPO: [SEH])
04ecc9f4 6e9e00d8 04ecca34 0087ce48 04f2bfe0 user32!DispatchMessageW+0xf (FPO: [1,0,0])
04ecfbc4 6ea0d0d8 04ecfc90 6ea0cd50 0087eff0 IEFRAME!CTabWindow::_TabWindowThreadProc+0x464 (FPO: [Non-Fpo])
04ecfc84 77c0d81c 0087ce48 04ecfca8 6ea75f70 IEFRAME!LCIETab_ThreadProc+0x37b (FPO: [Non-Fpo])
04ecfc9c 724e3991 0087eff0 00000000 00000000 iertutil!_IsoThreadProc_WrapperToReleaseScope+0x1c (FPO: [Non-Fpo])
04ecfcd4 778dee1c 04a61fe8 04ecfd20 77db399b IEShims!NS_CreateThread::DesktopIE_ThreadProc+0x94 (FPO: [1,8,4])
04ecfce0 77db399b 04a61fe8 73a1c28b 00000000 kernel32!BaseThreadInitThunk+0xe (FPO: [1,0,0])
04ecfd20 77db396e 724e3900 04a61fe8 ffffffff ntdll!__RtlUserThreadStart+0x70 (FPO: [SEH])
04ecfd38 00000000 724e3900 04a61fe8 00000000 ntdll!_RtlUserThreadStart+0x1b (FPO: [2,2,0])
MSHTML!CElement::Fire_onContentScrolled+0x8:
6a9561d8 f7412400000400  test    dword ptr [ecx+24h],40000h
6a9561df 740c            je      MSHTML!CElement::Fire_onContentScrolled+0x1d (6a9561ed)
6a9561e1 6a00            push    0
6a9561e3 6815800000      push    8015h
6a9561e8 e84b12dbff      call    MSHTML!CElement::FireAccessibilityEvent (6a707438)
6a9561ed 5d              pop     ebp
6a9561ee c20800          ret     8
6a9561f1 807d0c00        cmp     byte ptr [ebp+0Ch],0
1:018> 